Load LANCZO from ./tdscha_ir_0/initial

++++++++++++++++++++++++++++++++++
RUNNING THE LANCZOS WITH D3 AND D4
The calculation is saved in ./tdscha_ir_0
Steps     5
Save each 1
D3 = False D4 = False
++++++++++++++++++++++++++++++++++


Not initialized. Now we symmetrize

Time to get the symmetries [4] from spglib: 0.0015530586242675781 s
Time to convert symmetries in the polarizaion space: 0.013328075408935547 s
Time to create the block_id array: 0.01293802261352539 s
Running the standard Lanczos algorithm with Wigner
Getting the mask dot product


<=====================================>
|                                     |
|          LANCZOS ALGORITHM          |
|                                     |
<=====================================>

Starting the algorithm. It may take a while.
Starting from step 0


Should I ignore the third order effect? True
Should I ignore the fourth order effect? True
Should I use the Wigner formalism? True
Should I use a standard Lanczos? True
Max number of iterations: 5


 ===== NEW STEP 1 =====

 
Length of the coefficiets: a = 0, b = 0

The Wigner representation is used!


Time to apply the full L: 0.0039008990861475468

Running the SYMMETRIC Lanczos with Wigner!

Optimize RAM consumption
Time to perform the Gram-Schmidt and retrive the coefficients: 0 s

a_0 = -1.55620315e-03
b_0 = 1.27198525e-03
c_0 = 1.27198525e-03
|b_0 - c_0| = 2.16840434e-19

Status saved into './tdscha_ir_0/lanczos_STEP1'
Lanczos step 1 ultimated.

 ===== NEW STEP 2 =====

 
Length of the coefficiets: a = 1, b = 1

The Wigner representation is used!


Time to apply the full L: 0.003902571741491556

Running the SYMMETRIC Lanczos with Wigner!

Optimize RAM consumption
Time to perform the Gram-Schmidt and retrive the coefficients: 0 s

a_1 = -3.78741490e-03
b_1 = 2.09290852e-03
c_1 = 2.09290852e-03
|b_1 - c_1| = 4.33680869e-19

Status saved into './tdscha_ir_0/lanczos_STEP2'
Lanczos step 2 ultimated.

 ===== NEW STEP 3 =====

 
Length of the coefficiets: a = 2, b = 2

The Wigner representation is used!


Time to apply the full L: 0.0038722436875104904

Running the SYMMETRIC Lanczos with Wigner!

Optimize RAM consumption
P basis popping the elements we do not use
Q basis popping the elements we do not use
s norm popping the elements we do not use
Time to perform the Gram-Schmidt and retrive the coefficients: 0 s

a_2 = -2.68857053e-03
b_2 = 9.03028628e-04
c_2 = 9.03028628e-04
|b_2 - c_2| = 2.16840434e-19

Status saved into './tdscha_ir_0/lanczos_STEP3'
Lanczos step 3 ultimated.

 ===== NEW STEP 4 =====

 
Length of the coefficiets: a = 3, b = 3

The Wigner representation is used!


Time to apply the full L: 0.0038502379320561886

Running the SYMMETRIC Lanczos with Wigner!

Optimize RAM consumption
P basis popping the elements we do not use
Q basis popping the elements we do not use
s norm popping the elements we do not use
Time to perform the Gram-Schmidt and retrive the coefficients: 0 s

a_3 = -2.48587483e-03
b_3 = 1.47255087e-03
c_3 = 1.47255087e-03
|b_3 - c_3| = 8.67361738e-19

Status saved into './tdscha_ir_0/lanczos_STEP4'
Lanczos step 4 ultimated.

 ===== NEW STEP 5 =====

 
Length of the coefficiets: a = 4, b = 4

The Wigner representation is used!


Time to apply the full L: 0.003919099923223257

Running the SYMMETRIC Lanczos with Wigner!

Optimize RAM consumption
P basis popping the elements we do not use
Q basis popping the elements we do not use
s norm popping the elements we do not use
Time to perform the Gram-Schmidt and retrive the coefficients: 0 s

a_4 = -4.41233728e-03
b_4 = 1.53617015e-03
c_4 = 1.53617015e-03
|b_4 - c_4| = 6.50521303e-19

Status saved into './tdscha_ir_0/lanczos_STEP5'
Lanczos step 5 ultimated.
Load LANCZO from ./tdscha_ir_1/initial

++++++++++++++++++++++++++++++++++
RUNNING THE LANCZOS WITH D3 AND D4
The calculation is saved in ./tdscha_ir_1
Steps     5
Save each 1
D3 = False D4 = False
++++++++++++++++++++++++++++++++++


Not initialized. Now we symmetrize

Time to get the symmetries [4] from spglib: 0.001689910888671875 s
Time to convert symmetries in the polarizaion space: 0.009415864944458008 s
Time to create the block_id array: 0.010830163955688477 s
Running the standard Lanczos algorithm with Wigner
Getting the mask dot product


<=====================================>
|                                     |
|          LANCZOS ALGORITHM          |
|                                     |
<=====================================>

Starting the algorithm. It may take a while.
Starting from step 0


Should I ignore the third order effect? True
Should I ignore the fourth order effect? True
Should I use the Wigner formalism? True
Should I use a standard Lanczos? True
Max number of iterations: 5


 ===== NEW STEP 1 =====

 
Length of the coefficiets: a = 0, b = 0

The Wigner representation is used!


Time to apply the full L: 0.003887542989104986

Running the SYMMETRIC Lanczos with Wigner!

Optimize RAM consumption
Time to perform the Gram-Schmidt and retrive the coefficients: 0 s

a_0 = -1.59008664e-03
b_0 = 1.39396190e-03
c_0 = 1.39396190e-03
|b_0 - c_0| = 0.00000000e+00

Status saved into './tdscha_ir_1/lanczos_STEP1'
Lanczos step 1 ultimated.

 ===== NEW STEP 2 =====

 
Length of the coefficiets: a = 1, b = 1

The Wigner representation is used!


Time to apply the full L: 0.003868503961712122

Running the SYMMETRIC Lanczos with Wigner!

Optimize RAM consumption
Time to perform the Gram-Schmidt and retrive the coefficients: 0 s

a_1 = -3.56465896e-03
b_1 = 2.04523584e-03
c_1 = 2.04523584e-03
|b_1 - c_1| = 0.00000000e+00

Status saved into './tdscha_ir_1/lanczos_STEP2'
Lanczos step 2 ultimated.

 ===== NEW STEP 3 =====

 
Length of the coefficiets: a = 2, b = 2

The Wigner representation is used!


Time to apply the full L: 0.003894657827913761

Running the SYMMETRIC Lanczos with Wigner!

Optimize RAM consumption
P basis popping the elements we do not use
Q basis popping the elements we do not use
s norm popping the elements we do not use
Time to perform the Gram-Schmidt and retrive the coefficients: 0 s

a_2 = -3.02150184e-03
b_2 = 8.17563650e-04
c_2 = 8.17563650e-04
|b_2 - c_2| = 0.00000000e+00

Status saved into './tdscha_ir_1/lanczos_STEP3'
Lanczos step 3 ultimated.

 ===== NEW STEP 4 =====

 
Length of the coefficiets: a = 3, b = 3

The Wigner representation is used!


Time to apply the full L: 0.003886133898049593

Running the SYMMETRIC Lanczos with Wigner!

Optimize RAM consumption
P basis popping the elements we do not use
Q basis popping the elements we do not use
s norm popping the elements we do not use
Time to perform the Gram-Schmidt and retrive the coefficients: 0 s

a_3 = -2.21080747e-03
b_3 = 1.44115108e-03
c_3 = 1.44115108e-03
|b_3 - c_3| = 0.00000000e+00

Status saved into './tdscha_ir_1/lanczos_STEP4'
Lanczos step 4 ultimated.

 ===== NEW STEP 5 =====

 
Length of the coefficiets: a = 4, b = 4

The Wigner representation is used!


Time to apply the full L: 0.0038838149048388004

Running the SYMMETRIC Lanczos with Wigner!

Optimize RAM consumption
P basis popping the elements we do not use
Q basis popping the elements we do not use
s norm popping the elements we do not use
Time to perform the Gram-Schmidt and retrive the coefficients: 0 s

a_4 = -3.98908679e-03
b_4 = 1.83079624e-03
c_4 = 1.83079624e-03
|b_4 - c_4| = 2.16840434e-19

Status saved into './tdscha_ir_1/lanczos_STEP5'
Lanczos step 5 ultimated.
Load LANCZO from ./tdscha_ir_2/initial

++++++++++++++++++++++++++++++++++
RUNNING THE LANCZOS WITH D3 AND D4
The calculation is saved in ./tdscha_ir_2
Steps     5
Save each 1
D3 = False D4 = False
++++++++++++++++++++++++++++++++++


Not initialized. Now we symmetrize

Time to get the symmetries [4] from spglib: 0.001546621322631836 s
Time to convert symmetries in the polarizaion space: 0.00943899154663086 s
Time to create the block_id array: 0.010770082473754883 s
Running the standard Lanczos algorithm with Wigner
Getting the mask dot product


<=====================================>
|                                     |
|          LANCZOS ALGORITHM          |
|                                     |
<=====================================>

Starting the algorithm. It may take a while.
Starting from step 0


Should I ignore the third order effect? True
Should I ignore the fourth order effect? True
Should I use the Wigner formalism? True
Should I use a standard Lanczos? True
Max number of iterations: 5


 ===== NEW STEP 1 =====

 
Length of the coefficiets: a = 0, b = 0

The Wigner representation is used!


Time to apply the full L: 0.003956067841500044

Running the SYMMETRIC Lanczos with Wigner!

Optimize RAM consumption
Time to perform the Gram-Schmidt and retrive the coefficients: 0 s

a_0 = -1.45914651e-03
b_0 = 1.31112948e-03
c_0 = 1.31112948e-03
|b_0 - c_0| = 0.00000000e+00

Status saved into './tdscha_ir_2/lanczos_STEP1'
Lanczos step 1 ultimated.

 ===== NEW STEP 2 =====

 
Length of the coefficiets: a = 1, b = 1

The Wigner representation is used!


Time to apply the full L: 0.003909118007868528

Running the SYMMETRIC Lanczos with Wigner!

Optimize RAM consumption
Time to perform the Gram-Schmidt and retrive the coefficients: 0 s

a_1 = -3.64223162e-03
b_1 = 2.06756460e-03
c_1 = 2.06756460e-03
|b_1 - c_1| = 8.67361738e-19

Status saved into './tdscha_ir_2/lanczos_STEP2'
Lanczos step 2 ultimated.

 ===== NEW STEP 3 =====

 
Length of the coefficiets: a = 2, b = 2

The Wigner representation is used!


Time to apply the full L: 0.003929650876671076

Running the SYMMETRIC Lanczos with Wigner!

Optimize RAM consumption
P basis popping the elements we do not use
Q basis popping the elements we do not use
s norm popping the elements we do not use
Time to perform the Gram-Schmidt and retrive the coefficients: 0 s

a_2 = -2.90814731e-03
b_2 = 9.00724807e-04
c_2 = 9.00724807e-04
|b_2 - c_2| = 3.25260652e-19

Status saved into './tdscha_ir_2/lanczos_STEP3'
Lanczos step 3 ultimated.

 ===== NEW STEP 4 =====

 
Length of the coefficiets: a = 3, b = 3

The Wigner representation is used!


Time to apply the full L: 0.0038997759111225605

Running the SYMMETRIC Lanczos with Wigner!

Optimize RAM consumption
P basis popping the elements we do not use
Q basis popping the elements we do not use
s norm popping the elements we do not use
Time to perform the Gram-Schmidt and retrive the coefficients: 0 s

a_3 = -2.84624876e-03
b_3 = 1.74641035e-03
c_3 = 1.74641035e-03
|b_3 - c_3| = 2.16840434e-19

Status saved into './tdscha_ir_2/lanczos_STEP4'
Lanczos step 4 ultimated.

 ===== NEW STEP 5 =====

 
Length of the coefficiets: a = 4, b = 4

The Wigner representation is used!


Time to apply the full L: 0.003899861127138138

Running the SYMMETRIC Lanczos with Wigner!

Optimize RAM consumption
P basis popping the elements we do not use
Q basis popping the elements we do not use
s norm popping the elements we do not use
Time to perform the Gram-Schmidt and retrive the coefficients: 0 s

a_4 = -3.80968369e-03
b_4 = 1.34376504e-03
c_4 = 1.34376504e-03
|b_4 - c_4| = 0.00000000e+00

Status saved into './tdscha_ir_2/lanczos_STEP5'
Lanczos step 5 ultimated.
